2023-04-04 23:51:04,780 - DEBUG - Debug message
2023-04-04 23:51:04,780 - INFO - Info message
2023-04-04 23:51:04,780 - WARNING - Warning message
2023-04-04 23:51:07,874 - DEBUG - Starting new HTTP connection (1): 127.0.0.1:58411
2023-04-04 23:51:08,574 - DEBUG - Finished Request
2023-04-04 23:51:09,867 - DEBUG - Finished Request
2023-04-04 23:51:09,881 - DEBUG - Finished Request
2023-04-04 23:51:09,900 - DEBUG - Finished Request
2023-04-04 23:51:09,900 - DEBUG - Error opening web page. Retrying in 5 seconds...
2023-04-04 23:51:14,918 - DEBUG - Finished Request
2023-04-04 23:51:14,959 - DEBUG - Finished Request
2023-04-04 23:51:14,975 - DEBUG - Finished Request
2023-04-04 23:51:15,010 - DEBUG - Finished Request
2023-04-04 23:51:15,022 - DEBUG - Finished Request
2023-04-04 23:51:15,124 - DEBUG - Finished Request
2023-04-04 23:51:25,134 - INFO - Downloaded file 0 day(s) ago
2023-04-04 23:51:25,134 - DEBUG - DELETE http://127.0.0.1:58411/session/0bd122d1adca0cef6661e45afa32269d/cookie {}
2023-04-04 23:51:25,173 - DEBUG - http://127.0.0.1:58411 "DELETE /session/0bd122d1adca0cef6661e45afa32269d/cookie HTTP/1.1" 200 14
2023-04-04 23:51:25,174 - DEBUG - Finished Request
2023-04-04 23:51:25,174 - DEBUG - DELETE http://127.0.0.1:58411/session/0bd122d1adca0cef6661e45afa32269d {}
2023-04-04 23:51:25,286 - DEBUG - http://127.0.0.1:58411 "DELETE /session/0bd122d1adca0cef6661e45afa32269d HTTP/1.1" 200 14
2023-04-04 23:51:25,288 - DEBUG - Finished Request
2023-04-04 23:51:27,378 - INFO - downloaded file: WEBPXTICK_DT
2023-04-04 23:51:30,458 - DEBUG - Starting new HTTP connection (1): 127.0.0.1:58503
2023-04-04 23:51:31,217 - DEBUG - Finished Request
2023-04-04 23:51:33,723 - DEBUG - Finished Request
2023-04-04 23:51:33,748 - DEBUG - Finished Request
2023-04-04 23:51:33,799 - DEBUG - Finished Request
2023-04-04 23:51:33,814 - DEBUG - Finished Request
2023-04-04 23:51:34,013 - DEBUG - Finished Request
2023-04-04 23:51:34,027 - DEBUG - Finished Request
2023-04-04 23:51:39,040 - DEBUG - Finished Request
2023-04-04 23:51:39,081 - DEBUG - Finished Request
2023-04-04 23:51:39,093 - DEBUG - Finished Request
2023-04-04 23:51:39,128 - DEBUG - Finished Request
2023-04-04 23:51:39,140 - DEBUG - Finished Request
2023-04-04 23:51:39,241 - DEBUG - Finished Request
2023-04-04 23:51:49,254 - INFO - Downloaded file 0 day(s) ago
2023-04-04 23:51:49,254 - DEBUG - DELETE http://127.0.0.1:58503/session/845f34f73ec3228d339e853cad5db585/cookie {}
2023-04-04 23:51:49,299 - DEBUG - http://127.0.0.1:58503 "DELETE /session/845f34f73ec3228d339e853cad5db585/cookie HTTP/1.1" 200 14
2023-04-04 23:51:49,300 - DEBUG - Finished Request
2023-04-04 23:51:49,301 - DEBUG - DELETE http://127.0.0.1:58503/session/845f34f73ec3228d339e853cad5db585 {}
2023-04-04 23:51:49,392 - DEBUG - http://127.0.0.1:58503 "DELETE /session/845f34f73ec3228d339e853cad5db585 HTTP/1.1" 200 14
2023-04-04 23:51:49,393 - DEBUG - Finished Request
2023-04-04 23:51:51,479 - INFO - downloaded file: TickData_structure
2023-04-04 23:51:54,523 - DEBUG - Starting new HTTP connection (1): 127.0.0.1:58604
2023-04-04 23:51:55,395 - DEBUG - Finished Request
2023-04-04 23:51:56,592 - DEBUG - Finished Request
2023-04-04 23:51:56,608 - DEBUG - Finished Request
2023-04-04 23:51:56,630 - DEBUG - Finished Request
2023-04-04 23:51:56,631 - DEBUG - Error opening web page. Retrying in 5 seconds...
2023-04-04 23:52:01,650 - DEBUG - Finished Request
2023-04-04 23:52:01,692 - DEBUG - Finished Request
2023-04-04 23:52:01,703 - DEBUG - Finished Request
2023-04-04 23:52:01,716 - DEBUG - Finished Request
2023-04-04 23:52:01,729 - DEBUG - Finished Request
2023-04-04 23:52:02,240 - DEBUG - Finished Request
2023-04-04 23:52:02,258 - DEBUG - Finished Request
2023-04-04 23:52:02,267 - DEBUG - Finished Request
2023-04-04 23:52:02,275 - DEBUG - Finished Request
2023-04-04 23:52:02,283 - DEBUG - Finished Request
2023-04-04 23:52:07,309 - DEBUG - Finished Request
2023-04-04 23:52:08,388 - DEBUG - Finished Request
2023-04-04 23:52:08,411 - DEBUG - Finished Request
2023-04-04 23:52:08,411 - DEBUG - Error opening web page. Retrying in 5 seconds...
2023-04-04 23:52:13,418 - DEBUG - Finished Request
2023-04-04 23:52:13,473 - DEBUG - Finished Request
2023-04-04 23:52:13,481 - DEBUG - Finished Request
2023-04-04 23:52:13,490 - DEBUG - Finished Request
2023-04-04 23:52:13,503 - DEBUG - Finished Request
2023-04-04 23:52:14,017 - DEBUG - Finished Request
2023-04-04 23:52:14,026 - DEBUG - Finished Request
2023-04-04 23:52:14,037 - DEBUG - Finished Request
2023-04-04 23:52:14,044 - DEBUG - Finished Request
2023-04-04 23:52:14,055 - DEBUG - Finished Request
2023-04-04 23:52:19,086 - DEBUG - Finished Request
2023-04-04 23:52:19,102 - DEBUG - Finished Request
2023-04-04 23:52:19,102 - DEBUG - Error opening web page. Retrying in 5 seconds...
2023-04-04 23:52:24,119 - DEBUG - Finished Request
2023-04-04 23:52:24,133 - DEBUG - Finished Request
2023-04-04 23:52:24,134 - DEBUG - Error opening web page. Retrying in 5 seconds...
2023-04-04 23:52:29,156 - DEBUG - Finished Request
2023-04-04 23:52:29,194 - DEBUG - Finished Request
2023-04-04 23:52:29,204 - DEBUG - Finished Request
2023-04-04 23:52:29,215 - DEBUG - Finished Request
2023-04-04 23:52:29,228 - DEBUG - Finished Request
2023-04-04 23:52:29,752 - DEBUG - Finished Request
2023-04-04 23:52:29,763 - DEBUG - Finished Request
2023-04-04 23:52:30,281 - DEBUG - Finished Request
2023-04-04 23:52:30,294 - DEBUG - Finished Request
2023-04-04 23:52:30,302 - DEBUG - Finished Request
2023-04-04 23:52:30,309 - DEBUG - Finished Request
2023-04-04 23:52:30,319 - DEBUG - Finished Request
2023-04-04 23:52:35,340 - DEBUG - Finished Request
2023-04-04 23:52:35,382 - DEBUG - Finished Request
2023-04-04 23:52:35,394 - DEBUG - Finished Request
2023-04-04 23:52:35,428 - DEBUG - Finished Request
2023-04-04 23:52:35,442 - DEBUG - Finished Request
2023-04-04 23:52:35,581 - DEBUG - Finished Request
2023-04-04 23:52:45,589 - INFO - Downloaded file 0 day(s) ago
2023-04-04 23:52:45,589 - DEBUG - DELETE http://127.0.0.1:58604/session/3127f4dccea1bedb6fdfed9ca9a0de51/cookie {}
2023-04-04 23:52:45,636 - DEBUG - http://127.0.0.1:58604 "DELETE /session/3127f4dccea1bedb6fdfed9ca9a0de51/cookie HTTP/1.1" 200 14
2023-04-04 23:52:45,637 - DEBUG - Finished Request
2023-04-04 23:52:45,637 - DEBUG - DELETE http://127.0.0.1:58604/session/3127f4dccea1bedb6fdfed9ca9a0de51 {}
2023-04-04 23:52:45,761 - DEBUG - http://127.0.0.1:58604 "DELETE /session/3127f4dccea1bedb6fdfed9ca9a0de51 HTTP/1.1" 200 14
2023-04-04 23:52:45,762 - DEBUG - Finished Request
2023-04-04 23:52:47,850 - INFO - downloaded file: TC
2023-04-04 23:56:30,328 - DEBUG - Debug message
2023-04-04 23:56:30,328 - INFO - Info message
2023-04-04 23:56:30,328 - WARNING - Warning message
2023-04-04 23:56:49,910 - DEBUG - Debug message
2023-04-04 23:56:49,912 - INFO - Info message
2023-04-04 23:56:49,912 - WARNING - Warning message
2023-04-04 23:56:50,500 - DEBUG - Starting new HTTP connection (1): 127.0.0.1:58744
2023-04-04 23:56:51,288 - DEBUG - Finished Request
2023-04-04 23:56:52,591 - DEBUG - Finished Request
2023-04-04 23:56:52,608 - DEBUG - Finished Request
2023-04-04 23:56:52,806 - DEBUG - Finished Request
2023-04-04 23:56:52,806 - DEBUG - Error opening web page. Retrying in 5 seconds...
2023-04-04 23:56:57,821 - DEBUG - Finished Request
2023-04-04 23:56:57,861 - DEBUG - Finished Request
2023-04-04 23:56:57,871 - DEBUG - Finished Request
2023-04-04 23:56:57,885 - DEBUG - Finished Request
2023-04-04 23:56:57,897 - DEBUG - Finished Request
2023-04-04 23:56:58,408 - DEBUG - Finished Request
2023-04-04 23:56:58,425 - DEBUG - Finished Request
2023-04-04 23:56:58,432 - DEBUG - Finished Request
2023-04-04 23:56:58,441 - DEBUG - Finished Request
2023-04-04 23:56:58,452 - DEBUG - Finished Request
2023-04-04 23:56:58,461 - DEBUG - Finished Request
2023-04-04 23:56:58,470 - DEBUG - Finished Request
2023-04-04 23:56:58,480 - DEBUG - Finished Request
2023-04-04 23:57:03,508 - DEBUG - Finished Request
2023-04-04 23:57:04,549 - DEBUG - Finished Request
2023-04-04 23:57:04,568 - DEBUG - Finished Request
2023-04-04 23:57:04,569 - DEBUG - Error opening web page. Retrying in 5 seconds...
2023-04-05 00:02:34,449 - DEBUG - Debug message
2023-04-05 00:02:34,449 - INFO - Info message
2023-04-05 00:02:34,449 - WARNING - Warning message
2023-04-05 00:02:35,020 - DEBUG - Starting new HTTP connection (1): 127.0.0.1:58838
2023-04-05 00:02:35,812 - DEBUG - Finished Request
2023-04-05 00:02:46,979 - DEBUG - Finished Request
2023-04-05 00:02:47,004 - DEBUG - Finished Request
2023-04-05 00:02:47,050 - DEBUG - Finished Request
2023-04-05 00:02:47,066 - DEBUG - Finished Request
2023-04-05 00:02:47,290 - DEBUG - Finished Request
2023-04-05 00:02:47,303 - DEBUG - Finished Request
2023-04-05 00:02:47,393 - DEBUG - Finished Request
2023-04-05 00:02:57,404 - INFO - Downloaded file 0 day(s) ago
2023-04-05 00:02:57,404 - DEBUG - DELETE http://127.0.0.1:58838/session/70a1d4f457ed3472da9572bc6e57dbb7/cookie {}
2023-04-05 00:02:57,439 - DEBUG - http://127.0.0.1:58838 "DELETE /session/70a1d4f457ed3472da9572bc6e57dbb7/cookie HTTP/1.1" 200 14
2023-04-05 00:02:57,440 - DEBUG - Finished Request
2023-04-05 00:02:57,440 - DEBUG - DELETE http://127.0.0.1:58838/session/70a1d4f457ed3472da9572bc6e57dbb7 {}
2023-04-05 00:02:57,583 - DEBUG - http://127.0.0.1:58838 "DELETE /session/70a1d4f457ed3472da9572bc6e57dbb7 HTTP/1.1" 200 14
2023-04-05 00:02:57,585 - DEBUG - Finished Request
2023-04-05 00:02:59,671 - INFO - downloaded file: WEBPXTICK_DT
2023-04-05 00:03:00,202 - DEBUG - Starting new HTTP connection (1): 127.0.0.1:58889
2023-04-05 00:03:00,837 - DEBUG - Finished Request
2023-04-05 00:03:03,431 - DEBUG - Finished Request
2023-04-05 00:03:03,456 - DEBUG - Finished Request
2023-04-05 00:03:03,504 - DEBUG - Finished Request
2023-04-05 00:03:03,682 - DEBUG - Finished Request
2023-04-05 00:03:03,695 - DEBUG - Finished Request
2023-04-05 00:03:03,709 - DEBUG - Finished Request
2023-04-05 00:03:08,727 - DEBUG - Finished Request
2023-04-05 00:03:08,770 - DEBUG - Finished Request
2023-04-05 00:03:08,785 - DEBUG - Finished Request
2023-04-05 00:03:08,830 - DEBUG - Finished Request
2023-04-05 00:03:08,844 - DEBUG - Finished Request
2023-04-05 00:03:08,974 - DEBUG - Finished Request
2023-04-05 00:03:18,975 - INFO - Downloaded file 0 day(s) ago
2023-04-05 00:03:18,975 - DEBUG - DELETE http://127.0.0.1:58889/session/6c9d8a560c2b6e9a310448067c86a195/cookie {}
2023-04-05 00:03:19,024 - DEBUG - http://127.0.0.1:58889 "DELETE /session/6c9d8a560c2b6e9a310448067c86a195/cookie HTTP/1.1" 200 14
2023-04-05 00:03:19,025 - DEBUG - Finished Request
2023-04-05 00:03:19,025 - DEBUG - DELETE http://127.0.0.1:58889/session/6c9d8a560c2b6e9a310448067c86a195 {}
2023-04-05 00:03:19,080 - DEBUG - http://127.0.0.1:58889 "DELETE /session/6c9d8a560c2b6e9a310448067c86a195 HTTP/1.1" 200 14
2023-04-05 00:03:19,082 - DEBUG - Finished Request
2023-04-05 00:03:21,188 - INFO - downloaded file: TickData_structure
2023-04-05 00:03:21,826 - DEBUG - Starting new HTTP connection (1): 127.0.0.1:58991
2023-04-05 00:03:22,484 - DEBUG - Finished Request
2023-04-05 00:03:26,902 - DEBUG - Finished Request
2023-04-05 00:03:26,925 - DEBUG - Finished Request
2023-04-05 00:03:26,983 - DEBUG - Finished Request
2023-04-05 00:03:27,126 - DEBUG - Finished Request
2023-04-05 00:03:27,152 - DEBUG - Finished Request
2023-04-05 00:03:27,168 - DEBUG - Finished Request
2023-04-05 00:03:27,174 - DEBUG - Finished Request
2023-04-05 00:03:27,182 - DEBUG - Finished Request
2023-04-05 00:03:27,195 - DEBUG - Finished Request
2023-04-05 00:03:32,215 - DEBUG - Finished Request
2023-04-05 00:03:33,277 - DEBUG - Finished Request
2023-04-05 00:03:33,296 - DEBUG - Finished Request
2023-04-05 00:03:33,297 - DEBUG - Error opening web page. Retrying in 5 seconds...
2023-04-05 00:03:38,309 - DEBUG - Finished Request
2023-04-05 00:03:38,347 - DEBUG - Finished Request
2023-04-05 00:03:38,356 - DEBUG - Finished Request
2023-04-05 00:03:38,364 - DEBUG - Finished Request
2023-04-05 00:03:38,374 - DEBUG - Finished Request
2023-04-05 00:03:38,894 - DEBUG - Finished Request
2023-04-05 00:03:38,903 - DEBUG - Finished Request
2023-04-05 00:03:38,912 - DEBUG - Finished Request
2023-04-05 00:03:38,921 - DEBUG - Finished Request
2023-04-05 00:03:38,931 - DEBUG - Finished Request
2023-04-05 00:03:43,954 - DEBUG - Finished Request
2023-04-05 00:03:45,026 - DEBUG - Finished Request
2023-04-05 00:03:45,049 - DEBUG - Finished Request
2023-04-05 00:03:45,049 - DEBUG - Error opening web page. Retrying in 5 seconds...
2023-04-05 00:03:50,061 - DEBUG - Finished Request
2023-04-05 00:03:50,098 - DEBUG - Finished Request
2023-04-05 00:03:50,106 - DEBUG - Finished Request
2023-04-05 00:03:50,115 - DEBUG - Finished Request
2023-04-05 00:03:50,125 - DEBUG - Finished Request
2023-04-05 00:03:50,647 - DEBUG - Finished Request
2023-04-05 00:03:50,656 - DEBUG - Finished Request
2023-04-05 00:03:50,665 - DEBUG - Finished Request
2023-04-05 00:03:50,673 - DEBUG - Finished Request
2023-04-05 00:03:50,682 - DEBUG - Finished Request
2023-04-05 00:03:55,698 - DEBUG - Finished Request
2023-04-05 00:03:55,721 - DEBUG - Finished Request
2023-04-05 00:03:55,721 - DEBUG - Error opening web page. Retrying in 5 seconds...
2023-04-05 00:04:00,746 - DEBUG - Finished Request
2023-04-05 00:04:00,780 - DEBUG - Finished Request
2023-04-05 00:04:00,789 - DEBUG - Finished Request
2023-04-05 00:04:00,797 - DEBUG - Finished Request
2023-04-05 00:04:00,807 - DEBUG - Finished Request
2023-04-05 00:04:01,319 - DEBUG - Finished Request
2023-04-05 00:04:01,327 - DEBUG - Finished Request
2023-04-05 00:04:01,336 - DEBUG - Finished Request
2023-04-05 00:04:01,344 - DEBUG - Finished Request
2023-04-05 00:04:01,354 - DEBUG - Finished Request
2023-04-05 00:04:06,372 - DEBUG - Finished Request
2023-04-05 00:04:06,408 - DEBUG - Finished Request
2023-04-05 00:04:06,423 - DEBUG - Finished Request
2023-04-05 00:04:06,459 - DEBUG - Finished Request
2023-04-05 00:04:06,473 - DEBUG - Finished Request
2023-04-05 00:04:06,559 - DEBUG - Finished Request
2023-04-05 00:04:16,576 - INFO - Downloaded file 0 day(s) ago
2023-04-05 00:04:16,576 - DEBUG - DELETE http://127.0.0.1:58991/session/a1a24bef2ee572eaa2102c91eb719f4b/cookie {}
2023-04-05 00:04:16,615 - DEBUG - http://127.0.0.1:58991 "DELETE /session/a1a24bef2ee572eaa2102c91eb719f4b/cookie HTTP/1.1" 200 14
2023-04-05 00:04:16,615 - DEBUG - Finished Request
2023-04-05 00:04:16,616 - DEBUG - DELETE http://127.0.0.1:58991/session/a1a24bef2ee572eaa2102c91eb719f4b {}
2023-04-05 00:04:16,720 - DEBUG - http://127.0.0.1:58991 "DELETE /session/a1a24bef2ee572eaa2102c91eb719f4b HTTP/1.1" 200 14
2023-04-05 00:04:16,720 - DEBUG - Finished Request
2023-04-05 00:04:18,824 - INFO - downloaded file: TC
2023-04-05 00:05:42,968 - DEBUG - Debug message
2023-04-05 00:05:42,968 - INFO - Info message
2023-04-05 00:05:42,968 - WARNING - Warning message
2023-04-05 00:05:43,569 - DEBUG - Starting new HTTP connection (1): 127.0.0.1:59148
2023-04-05 00:05:44,426 - DEBUG - Finished Request
2023-04-05 00:05:45,705 - DEBUG - Finished Request
2023-04-05 00:05:45,856 - DEBUG - Finished Request
2023-04-05 00:05:45,878 - DEBUG - Finished Request
2023-04-05 00:05:45,879 - DEBUG - Error opening web page. Retrying in 5 seconds...
2023-04-05 00:05:50,893 - DEBUG - Finished Request
2023-04-05 00:05:50,938 - DEBUG - Finished Request
2023-04-05 00:05:50,955 - DEBUG - Finished Request
2023-04-05 00:05:50,998 - DEBUG - Finished Request
2023-04-05 00:05:51,022 - DEBUG - Finished Request
2023-04-05 00:05:51,133 - DEBUG - Finished Request
2023-04-05 00:06:01,140 - INFO - Downloaded file 0 day(s) ago
2023-04-05 00:06:01,140 - DEBUG - DELETE http://127.0.0.1:59148/session/bbde1d796ad88b17c27851244dbd428e/cookie {}
2023-04-05 00:06:01,177 - DEBUG - http://127.0.0.1:59148 "DELETE /session/bbde1d796ad88b17c27851244dbd428e/cookie HTTP/1.1" 200 14
2023-04-05 00:06:01,178 - DEBUG - Finished Request
2023-04-05 00:06:01,179 - DEBUG - DELETE http://127.0.0.1:59148/session/bbde1d796ad88b17c27851244dbd428e {}
2023-04-05 00:06:01,297 - DEBUG - http://127.0.0.1:59148 "DELETE /session/bbde1d796ad88b17c27851244dbd428e HTTP/1.1" 200 14
2023-04-05 00:06:01,312 - DEBUG - Finished Request
2023-04-05 00:06:03,377 - INFO - downloaded file: WEBPXTICK_DT
2023-04-05 00:06:03,937 - DEBUG - Starting new HTTP connection (1): 127.0.0.1:59198
2023-04-05 00:06:04,619 - DEBUG - Finished Request
2023-04-05 00:06:07,281 - DEBUG - Finished Request
2023-04-05 00:06:07,314 - DEBUG - Finished Request
2023-04-05 00:06:07,647 - DEBUG - Finished Request
2023-04-05 00:06:07,657 - DEBUG - Finished Request
2023-04-05 00:06:07,671 - DEBUG - Finished Request
2023-04-05 00:06:07,712 - DEBUG - Finished Request
2023-04-05 00:09:29,521 - DEBUG - Debug message
2023-04-05 00:09:29,521 - INFO - Info message
2023-04-05 00:09:29,521 - WARNING - Warning message
2023-04-05 00:09:30,070 - DEBUG - POST http://127.0.0.1:59261/session {"capabilities": {"firstMatch": [{}], "alwaysMatch": {"browserName": "MicrosoftEdge", "platformName": "windows", "ms:edgeOptions": {"prefs": {"download.default_directory": "D:\\work\\mini_test\\WEBPXTICK_DT", "download.prompt_for_download": false, "download.directory_upgrade": true, "safebrowsing.enabled": true}, "extensions": [], "args": ["--disable-blink-features=AutomationControlled"]}, "ms:edgeChromium": true}}, "desiredCapabilities": {"browserName": "MicrosoftEdge", "version": "", "platform": "WINDOWS", "ms:edgeOptions": {"prefs": {"download.default_directory": "D:\\work\\mini_test\\WEBPXTICK_DT", "download.prompt_for_download": false, "download.directory_upgrade": true, "safebrowsing.enabled": true}, "extensions": [], "args": ["--disable-blink-features=AutomationControlled"]}, "ms:edgeChromium": true}}
2023-04-05 00:09:30,070 - DEBUG - Starting new HTTP connection (1): 127.0.0.1:59261
2023-04-05 00:09:30,790 - DEBUG - http://127.0.0.1:59261 "POST /session HTTP/1.1" 200 825
2023-04-05 00:09:30,797 - DEBUG - Finished Request
2023-04-05 00:09:30,800 - DEBUG - POST http://127.0.0.1:59261/session/17e8033bd87c1746881190274dca09e9/url {"url": "https://www.sgx.com/research-education/derivatives"}
2023-04-05 00:09:33,444 - DEBUG - http://127.0.0.1:59261 "POST /session/17e8033bd87c1746881190274dca09e9/url HTTP/1.1" 200 14
2023-04-05 00:09:33,446 - DEBUG - Finished Request
2023-04-05 00:09:33,447 - DEBUG - POST http://127.0.0.1:59261/session/17e8033bd87c1746881190274dca09e9/element {"using": "xpath", "value": "//article[@id='page-container']/template-base/div/div/section/div/sgx-widgets-wrapper/widget-research-and-reports-download/widget-reports-derivatives-tick-and-trade-cancellation/div/sgx-input-select/label/span[2]/span"}
2023-04-05 00:09:33,470 - DEBUG - http://127.0.0.1:59261 "POST /session/17e8033bd87c1746881190274dca09e9/element HTTP/1.1" 200 88
2023-04-05 00:09:33,471 - DEBUG - Finished Request
2023-04-05 00:09:33,472 - DEBUG - POST http://127.0.0.1:59261/session/17e8033bd87c1746881190274dca09e9/element/2a25742b-4ff4-488b-a419-7f257752ec84/click {"id": "2a25742b-4ff4-488b-a419-7f257752ec84"}
2023-04-05 00:09:33,533 - DEBUG - http://127.0.0.1:59261 "POST /session/17e8033bd87c1746881190274dca09e9/element/2a25742b-4ff4-488b-a419-7f257752ec84/click HTTP/1.1" 200 14
2023-04-05 00:09:33,534 - DEBUG - Finished Request
2023-04-05 00:09:33,535 - DEBUG - POST http://127.0.0.1:59261/session/17e8033bd87c1746881190274dca09e9/element {"using": "xpath", "value": "//article[@id='page-container']/template-base/div/div/section/div/sgx-widgets-wrapper/widget-research-and-reports-download/widget-reports-derivatives-tick-and-trade-cancellation/div/sgx-input-select[2]/label/span[2]/span"}
2023-04-05 00:09:33,709 - DEBUG - http://127.0.0.1:59261 "POST /session/17e8033bd87c1746881190274dca09e9/element HTTP/1.1" 200 88
2023-04-05 00:09:33,709 - DEBUG - Finished Request
2023-04-05 00:09:33,710 - DEBUG - POST http://127.0.0.1:59261/session/17e8033bd87c1746881190274dca09e9/element/8c37da8a-11ef-4664-ab82-3b0f507e15a3/click {"id": "8c37da8a-11ef-4664-ab82-3b0f507e15a3"}
2023-04-05 00:09:33,745 - DEBUG - http://127.0.0.1:59261 "POST /session/17e8033bd87c1746881190274dca09e9/element/8c37da8a-11ef-4664-ab82-3b0f507e15a3/click HTTP/1.1" 200 14
2023-04-05 00:09:33,747 - DEBUG - Finished Request
2023-04-05 00:09:33,747 - DEBUG - POST http://127.0.0.1:59261/session/17e8033bd87c1746881190274dca09e9/element {"using": "css selector", "value": "widget-reports-derivatives-tick-and-trade-cancellation .sgx-button--primary"}
2023-04-05 00:09:33,756 - DEBUG - http://127.0.0.1:59261 "POST /session/17e8033bd87c1746881190274dca09e9/element HTTP/1.1" 200 88
2023-04-05 00:09:33,757 - DEBUG - Finished Request
2023-04-05 00:09:33,758 - DEBUG - POST http://127.0.0.1:59261/session/17e8033bd87c1746881190274dca09e9/element/8bc36434-241a-48c8-b666-4160cf1d73a4/click {"id": "8bc36434-241a-48c8-b666-4160cf1d73a4"}
2023-04-05 00:09:33,848 - DEBUG - http://127.0.0.1:59261 "POST /session/17e8033bd87c1746881190274dca09e9/element/8bc36434-241a-48c8-b666-4160cf1d73a4/click HTTP/1.1" 200 14
2023-04-05 00:09:33,849 - DEBUG - Finished Request
2023-04-05 00:09:43,853 - INFO - Downloaded file 0 day(s) ago
2023-04-05 00:09:43,853 - DEBUG - DELETE http://127.0.0.1:59261/session/17e8033bd87c1746881190274dca09e9/cookie {}
2023-04-05 00:09:43,901 - DEBUG - http://127.0.0.1:59261 "DELETE /session/17e8033bd87c1746881190274dca09e9/cookie HTTP/1.1" 200 14
2023-04-05 00:09:43,902 - DEBUG - Finished Request
2023-04-05 00:09:43,902 - DEBUG - DELETE http://127.0.0.1:59261/session/17e8033bd87c1746881190274dca09e9 {}
2023-04-05 00:09:44,023 - DEBUG - http://127.0.0.1:59261 "DELETE /session/17e8033bd87c1746881190274dca09e9 HTTP/1.1" 200 14
2023-04-05 00:09:44,024 - DEBUG - Finished Request
2023-04-05 00:09:46,113 - INFO - downloaded file: WEBPXTICK_DT
2023-04-05 00:09:46,662 - DEBUG - POST http://127.0.0.1:59311/session {"capabilities": {"firstMatch": [{}], "alwaysMatch": {"browserName": "MicrosoftEdge", "platformName": "windows", "ms:edgeOptions": {"prefs": {"download.default_directory": "D:\\work\\mini_test\\TickData_structure", "download.prompt_for_download": false, "download.directory_upgrade": true, "safebrowsing.enabled": true}, "extensions": [], "args": ["--disable-blink-features=AutomationControlled"]}, "ms:edgeChromium": true}}, "desiredCapabilities": {"browserName": "MicrosoftEdge", "version": "", "platform": "WINDOWS", "ms:edgeOptions": {"prefs": {"download.default_directory": "D:\\work\\mini_test\\TickData_structure", "download.prompt_for_download": false, "download.directory_upgrade": true, "safebrowsing.enabled": true}, "extensions": [], "args": ["--disable-blink-features=AutomationControlled"]}, "ms:edgeChromium": true}}
2023-04-05 00:09:46,663 - DEBUG - Starting new HTTP connection (1): 127.0.0.1:59311
2023-04-05 00:09:47,352 - DEBUG - http://127.0.0.1:59311 "POST /session HTTP/1.1" 200 825
2023-04-05 00:09:47,353 - DEBUG - Finished Request
2023-04-05 00:09:47,354 - DEBUG - POST http://127.0.0.1:59311/session/73d0d0abb9ec4f17cb2b4f128308f53a/url {"url": "https://www.sgx.com/research-education/derivatives"}
2023-04-05 00:09:48,543 - DEBUG - http://127.0.0.1:59311 "POST /session/73d0d0abb9ec4f17cb2b4f128308f53a/url HTTP/1.1" 200 14
2023-04-05 00:09:48,544 - DEBUG - Finished Request
2023-04-05 00:09:48,545 - DEBUG - POST http://127.0.0.1:59311/session/73d0d0abb9ec4f17cb2b4f128308f53a/element {"using": "xpath", "value": "//article[@id='page-container']/template-base/div/div/section/div/sgx-widgets-wrapper/widget-research-and-reports-download/widget-reports-derivatives-tick-and-trade-cancellation/div/sgx-input-select/label/span[2]/span"}
2023-04-05 00:09:48,559 - DEBUG - http://127.0.0.1:59311 "POST /session/73d0d0abb9ec4f17cb2b4f128308f53a/element HTTP/1.1" 404 1885
2023-04-05 00:09:48,560 - DEBUG - Finished Request
2023-04-05 00:09:48,560 - DEBUG - POST http://127.0.0.1:59311/session/73d0d0abb9ec4f17cb2b4f128308f53a/refresh {}
2023-04-05 00:09:48,576 - DEBUG - http://127.0.0.1:59311 "POST /session/73d0d0abb9ec4f17cb2b4f128308f53a/refresh HTTP/1.1" 200 14
2023-04-05 00:09:48,577 - DEBUG - Finished Request
2023-04-05 00:09:48,577 - DEBUG - Error opening web page. Retrying in 5 seconds...
2023-04-05 00:13:16,590 - DEBUG - Debug message
2023-04-05 00:13:16,591 - INFO - Info message
2023-04-05 00:13:16,591 - WARNING - Warning message
2023-04-05 00:13:17,174 - DEBUG - Starting new HTTP connection (1): 127.0.0.1:59388
2023-04-05 00:13:17,911 - DEBUG - Finished Request
2023-04-05 00:13:20,723 - DEBUG - Finished Request
2023-04-05 00:13:20,750 - DEBUG - Finished Request
2023-04-05 00:13:20,798 - DEBUG - Finished Request
2023-04-05 00:13:20,963 - DEBUG - Finished Request
2023-04-05 00:13:21,005 - DEBUG - Finished Request
2023-04-05 00:13:21,017 - DEBUG - Finished Request
2023-04-05 00:13:32,256 - DEBUG - Debug message
2023-04-05 00:13:32,256 - INFO - Info message
2023-04-05 00:13:32,256 - WARNING - Warning message
2023-04-05 00:13:35,356 - DEBUG - Starting new HTTP connection (1): 127.0.0.1:59439
2023-04-05 00:13:38,056 - DEBUG - Debug message
2023-04-05 00:13:38,056 - INFO - Info message
2023-04-05 00:13:38,057 - WARNING - Warning message
2023-04-05 00:13:38,615 - DEBUG - Starting new HTTP connection (1): 127.0.0.1:59450
2023-04-05 00:13:39,276 - DEBUG - Finished Request
2023-04-05 00:13:41,912 - DEBUG - Finished Request
2023-04-05 00:13:41,932 - DEBUG - Finished Request
2023-04-05 00:13:41,973 - DEBUG - Finished Request
2023-04-05 00:13:41,986 - DEBUG - Finished Request
2023-04-05 00:13:42,175 - DEBUG - Finished Request
2023-04-05 00:13:42,188 - DEBUG - Finished Request
2023-04-05 00:14:10,905 - DEBUG - Debug message
2023-04-05 00:14:10,906 - INFO - Info message
2023-04-05 00:14:10,906 - WARNING - Warning message
2023-04-05 00:14:13,967 - DEBUG - Starting new HTTP connection (1): 127.0.0.1:59495
2023-04-05 00:14:14,611 - DEBUG - Finished Request
2023-04-05 00:14:17,106 - DEBUG - Finished Request
2023-04-05 00:14:17,127 - DEBUG - Finished Request
2023-04-05 00:14:17,172 - DEBUG - Finished Request
2023-04-05 00:14:17,354 - DEBUG - Finished Request
2023-04-05 00:14:17,390 - DEBUG - Finished Request
2023-04-05 00:14:17,404 - DEBUG - Finished Request
2023-04-05 00:14:17,414 - DEBUG - Finished Request
2023-04-05 00:14:17,501 - DEBUG - Finished Request
2023-04-05 00:14:35,478 - DEBUG - Debug message
2023-04-05 00:14:35,478 - INFO - Info message
2023-04-05 00:14:35,478 - WARNING - Warning message
2023-04-05 00:14:36,052 - DEBUG - Starting new HTTP connection (1): 127.0.0.1:59550
2023-04-05 00:14:36,725 - DEBUG - Finished Request
2023-04-05 00:14:37,758 - DEBUG - Finished Request
2023-04-05 00:14:37,772 - DEBUG - Finished Request
2023-04-05 00:14:37,951 - DEBUG - Finished Request
2023-04-05 00:14:37,952 - DEBUG - Error opening web page. Retrying in 5 seconds...
2023-04-05 00:14:42,962 - DEBUG - Finished Request
2023-04-05 00:14:42,999 - DEBUG - Finished Request
2023-04-05 00:14:43,012 - DEBUG - Finished Request
2023-04-05 00:14:43,048 - DEBUG - Finished Request
2023-04-05 00:14:43,058 - DEBUG - Finished Request
2023-04-05 00:14:43,149 - DEBUG - Finished Request
