2023-04-05 23:49:50,195 - DEBUG - Debug message
2023-04-05 23:49:50,196 - INFO - Info message
2023-04-05 23:49:50,196 - WARNING - Warning message
2023-04-05 23:49:53,301 - DEBUG - Starting new HTTP connection (1): 127.0.0.1:63938
2023-04-05 23:49:53,862 - DEBUG - Finished Request
2023-04-05 23:49:55,045 - DEBUG - Finished Request
2023-04-05 23:49:55,045 - DEBUG - Wait in 5 seconds...
2023-04-05 23:50:00,072 - DEBUG - Finished Request
2023-04-05 23:50:00,106 - DEBUG - Finished Request
2023-04-05 23:50:00,118 - DEBUG - Finished Request
2023-04-05 23:50:00,152 - DEBUG - Finished Request
2023-04-05 23:50:00,161 - DEBUG - Finished Request
2023-04-05 23:50:00,172 - DEBUG - Finished Request
2023-04-05 23:50:00,185 - DEBUG - Finished Request
2023-04-05 23:50:00,715 - DEBUG - Finished Request
2023-04-05 23:50:00,737 - DEBUG - Finished Request
2023-04-05 23:50:00,744 - DEBUG - Finished Request
2023-04-05 23:50:00,751 - DEBUG - Finished Request
2023-04-05 23:50:00,759 - DEBUG - Finished Request
2023-04-05 23:50:00,765 - DEBUG - Finished Request
2023-04-05 23:50:00,771 - DEBUG - Finished Request
2023-04-05 23:50:00,779 - DEBUG - Finished Request
2023-04-05 23:50:00,785 - DEBUG - Finished Request
2023-04-05 23:50:00,792 - DEBUG - Finished Request
2023-04-05 23:50:00,800 - DEBUG - Finished Request
2023-04-05 23:50:00,807 - DEBUG - Finished Request
2023-04-05 23:50:00,844 - DEBUG - Finished Request
2023-04-05 23:50:00,852 - DEBUG - Finished Request
2023-04-05 23:50:00,859 - DEBUG - Finished Request
2023-04-05 23:50:00,866 - DEBUG - Finished Request
2023-04-05 23:50:00,875 - DEBUG - Finished Request
2023-04-05 23:50:00,885 - DEBUG - Finished Request
2023-04-05 23:50:00,892 - DEBUG - Finished Request
2023-04-05 23:50:00,899 - DEBUG - Finished Request
2023-04-05 23:50:00,904 - DEBUG - Finished Request
2023-04-05 23:50:00,911 - DEBUG - Finished Request
2023-04-05 23:50:00,919 - DEBUG - Finished Request
2023-04-05 23:50:00,926 - DEBUG - Finished Request
2023-04-05 23:50:00,933 - DEBUG - Finished Request
2023-04-05 23:50:00,940 - DEBUG - Finished Request
2023-04-05 23:50:00,948 - DEBUG - Finished Request
2023-04-05 23:50:00,954 - DEBUG - Finished Request
2023-04-05 23:50:00,965 - DEBUG - Finished Request
2023-04-05 23:50:05,972 - DEBUG - Finished Request
2023-04-05 23:50:06,001 - DEBUG - Finished Request
2023-04-05 23:50:06,001 - DEBUG - Error opening web page. Retrying in 5 seconds...
2023-04-05 23:50:11,023 - DEBUG - Finished Request
2023-04-05 23:50:11,077 - DEBUG - Finished Request
2023-04-05 23:50:11,086 - DEBUG - Finished Request
2023-04-05 23:50:11,116 - DEBUG - Finished Request
2023-04-05 23:50:11,123 - DEBUG - Finished Request
2023-04-05 23:50:11,130 - DEBUG - Finished Request
2023-04-05 23:50:11,139 - DEBUG - Finished Request
2023-04-05 23:50:11,652 - DEBUG - Finished Request
2023-04-05 23:50:11,669 - DEBUG - Finished Request
2023-04-05 23:50:11,677 - DEBUG - Finished Request
2023-04-05 23:50:11,683 - DEBUG - Finished Request
2023-04-05 23:50:11,690 - DEBUG - Finished Request
2023-04-05 23:50:11,696 - DEBUG - Finished Request
2023-04-05 23:50:11,702 - DEBUG - Finished Request
2023-04-05 23:50:11,710 - DEBUG - Finished Request
2023-04-05 23:50:11,718 - DEBUG - Finished Request
2023-04-05 23:50:11,725 - DEBUG - Finished Request
2023-04-05 23:50:11,734 - DEBUG - Finished Request
2023-04-05 23:50:11,740 - DEBUG - Finished Request
2023-04-05 23:50:11,748 - DEBUG - Finished Request
2023-04-05 23:50:11,756 - DEBUG - Finished Request
2023-04-05 23:50:11,764 - DEBUG - Finished Request
2023-04-05 23:50:11,770 - DEBUG - Finished Request
2023-04-05 23:50:11,779 - DEBUG - Finished Request
2023-04-05 23:50:11,786 - DEBUG - Finished Request
2023-04-05 23:50:11,792 - DEBUG - Finished Request
2023-04-05 23:50:11,799 - DEBUG - Finished Request
2023-04-05 23:50:11,805 - DEBUG - Finished Request
2023-04-05 23:50:11,811 - DEBUG - Finished Request
2023-04-05 23:50:11,819 - DEBUG - Finished Request
2023-04-05 23:50:11,825 - DEBUG - Finished Request
2023-04-05 23:50:11,864 - DEBUG - Finished Request
2023-04-05 23:50:11,872 - DEBUG - Finished Request
2023-04-05 23:50:11,879 - DEBUG - Finished Request
2023-04-05 23:50:11,886 - DEBUG - Finished Request
2023-04-05 23:50:11,895 - DEBUG - Finished Request
2023-04-05 23:50:16,943 - DEBUG - Finished Request
2023-04-05 23:50:16,966 - DEBUG - Finished Request
2023-04-05 23:50:16,967 - DEBUG - Error opening web page. Retrying in 5 seconds...
2023-04-05 23:50:21,983 - DEBUG - Finished Request
2023-04-05 23:50:22,024 - DEBUG - Finished Request
2023-04-05 23:50:22,035 - DEBUG - Finished Request
2023-04-05 23:50:22,067 - DEBUG - Finished Request
2023-04-05 23:50:22,075 - DEBUG - Finished Request
2023-04-05 23:50:22,082 - DEBUG - Finished Request
2023-04-05 23:50:22,092 - DEBUG - Finished Request
2023-04-05 23:50:22,613 - DEBUG - Finished Request
2023-04-05 23:50:22,626 - DEBUG - Finished Request
2023-04-05 23:50:22,636 - DEBUG - Finished Request
2023-04-05 23:50:22,647 - DEBUG - Finished Request
2023-04-05 23:50:22,659 - DEBUG - Finished Request
2023-04-05 23:50:22,668 - DEBUG - Finished Request
2023-04-05 23:50:22,676 - DEBUG - Finished Request
2023-04-05 23:50:22,712 - DEBUG - Finished Request
2023-04-05 23:50:22,719 - DEBUG - Finished Request
2023-04-05 23:50:22,726 - DEBUG - Finished Request
2023-04-05 23:50:22,734 - DEBUG - Finished Request
2023-04-05 23:50:22,742 - DEBUG - Finished Request
2023-04-05 23:50:22,749 - DEBUG - Finished Request
2023-04-05 23:50:22,757 - DEBUG - Finished Request
2023-04-05 23:50:22,764 - DEBUG - Finished Request
2023-04-05 23:50:22,770 - DEBUG - Finished Request
2023-04-05 23:50:22,778 - DEBUG - Finished Request
2023-04-05 23:50:22,784 - DEBUG - Finished Request
2023-04-05 23:50:22,791 - DEBUG - Finished Request
2023-04-05 23:50:22,800 - DEBUG - Finished Request
2023-04-05 23:50:22,806 - DEBUG - Finished Request
2023-04-05 23:50:22,813 - DEBUG - Finished Request
2023-04-05 23:50:22,820 - DEBUG - Finished Request
2023-04-05 23:50:22,828 - DEBUG - Finished Request
2023-04-05 23:50:22,835 - DEBUG - Finished Request
2023-04-05 23:50:22,844 - DEBUG - Finished Request
2023-04-05 23:50:22,850 - DEBUG - Finished Request
2023-04-05 23:50:22,857 - DEBUG - Finished Request
2023-04-05 23:50:22,865 - DEBUG - Finished Request
2023-04-05 23:50:27,899 - DEBUG - Finished Request
2023-04-05 23:50:27,923 - DEBUG - Finished Request
2023-04-05 23:50:27,923 - DEBUG - Error opening web page. Retrying in 5 seconds...
2023-04-05 23:50:32,928 - DEBUG - Finished Request
2023-04-05 23:50:32,951 - DEBUG - Finished Request
2023-04-05 23:50:32,951 - DEBUG - Error opening web page. Retrying in 5 seconds...
2023-04-05 23:50:37,997 - DEBUG - Finished Request
2023-04-05 23:50:38,014 - DEBUG - Finished Request
2023-04-05 23:50:38,015 - DEBUG - Error opening web page. Retrying in 5 seconds...
2023-04-05 23:50:43,015 - DEBUG - Can't downloaded file: WEBPXTICK_DT|1|10
2023-04-05 23:50:46,133 - DEBUG - Starting new HTTP connection (1): 127.0.0.1:64040
2023-04-05 23:50:46,930 - DEBUG - Finished Request
2023-04-05 23:50:48,023 - DEBUG - Finished Request
2023-04-05 23:50:48,024 - DEBUG - Wait in 5 seconds...
2023-04-05 23:50:53,055 - DEBUG - Finished Request
2023-04-05 23:50:53,092 - DEBUG - Finished Request
2023-04-05 23:50:53,102 - DEBUG - Finished Request
2023-04-05 23:50:53,132 - DEBUG - Finished Request
2023-04-05 23:50:53,160 - DEBUG - Finished Request
2023-04-05 23:50:53,676 - DEBUG - Finished Request
2023-04-05 23:50:53,688 - DEBUG - Finished Request
2023-04-05 23:50:58,707 - DEBUG - Finished Request
2023-04-05 23:50:58,762 - DEBUG - Finished Request
2023-04-05 23:51:03,772 - DEBUG - Finished Request
2023-04-05 23:51:03,815 - DEBUG - Finished Request
2023-04-05 23:51:03,827 - DEBUG - Finished Request
2023-04-05 23:51:03,837 - DEBUG - Finished Request
2023-04-05 23:51:03,846 - DEBUG - Finished Request
2023-04-05 23:51:04,376 - DEBUG - Finished Request
2023-04-05 23:51:04,386 - DEBUG - Finished Request
2023-04-05 23:51:04,395 - DEBUG - Finished Request
2023-04-05 23:51:04,401 - DEBUG - Finished Request
2023-04-05 23:51:04,410 - DEBUG - Finished Request
2023-04-05 23:51:04,437 - DEBUG - Finished Request
2023-04-05 23:51:04,446 - DEBUG - Finished Request
2023-04-05 23:51:04,457 - DEBUG - Finished Request
2023-04-05 23:51:04,467 - DEBUG - Finished Request
2023-04-05 23:51:04,478 - DEBUG - Finished Request
2023-04-05 23:51:04,488 - DEBUG - Finished Request
2023-04-05 23:51:04,498 - DEBUG - Finished Request
2023-04-05 23:51:04,506 - DEBUG - Finished Request
2023-04-05 23:51:04,515 - DEBUG - Finished Request
2023-04-05 23:51:04,522 - DEBUG - Finished Request
2023-04-05 23:51:04,529 - DEBUG - Finished Request
2023-04-05 23:51:04,537 - DEBUG - Finished Request
2023-04-05 23:51:04,544 - DEBUG - Finished Request
2023-04-05 23:51:04,550 - DEBUG - Finished Request
2023-04-05 23:51:04,559 - DEBUG - Finished Request
2023-04-05 23:51:04,565 - DEBUG - Finished Request
2023-04-05 23:51:04,573 - DEBUG - Finished Request
2023-04-05 23:51:04,581 - DEBUG - Finished Request
2023-04-05 23:51:04,588 - DEBUG - Finished Request
2023-04-05 23:51:04,595 - DEBUG - Finished Request
2023-04-05 23:51:04,602 - DEBUG - Finished Request
2023-04-05 23:51:04,610 - DEBUG - Finished Request
2023-04-05 23:51:04,616 - DEBUG - Finished Request
2023-04-05 23:51:04,625 - DEBUG - Finished Request
2023-04-05 23:51:09,651 - DEBUG - Finished Request
2023-04-05 23:51:09,675 - DEBUG - Finished Request
2023-04-05 23:51:09,675 - DEBUG - Error opening web page. Retrying in 5 seconds...
2023-04-05 23:51:14,701 - DEBUG - Finished Request
2023-04-05 23:51:14,746 - DEBUG - Finished Request
2023-04-05 23:51:14,756 - DEBUG - Finished Request
2023-04-05 23:51:14,764 - DEBUG - Finished Request
2023-04-05 23:51:14,778 - DEBUG - Finished Request
2023-04-05 23:51:15,306 - DEBUG - Finished Request
2023-04-05 23:51:15,321 - DEBUG - Finished Request
2023-04-05 23:51:20,344 - DEBUG - Finished Request
2023-04-05 23:51:20,382 - DEBUG - Finished Request
2023-04-05 23:51:25,386 - DEBUG - Finished Request
2023-04-05 23:51:25,425 - DEBUG - Finished Request
2023-04-05 23:51:25,433 - DEBUG - Finished Request
2023-04-05 23:51:25,441 - DEBUG - Finished Request
2023-04-05 23:51:25,449 - DEBUG - Finished Request
2023-04-05 23:51:25,983 - DEBUG - Finished Request
2023-04-05 23:51:25,998 - DEBUG - Finished Request
2023-04-05 23:51:26,006 - DEBUG - Finished Request
2023-04-05 23:51:26,014 - DEBUG - Finished Request
2023-04-05 23:51:26,021 - DEBUG - Finished Request
2023-04-05 23:51:26,028 - DEBUG - Finished Request
2023-04-05 23:51:26,035 - DEBUG - Finished Request
2023-04-05 23:51:26,044 - DEBUG - Finished Request
2023-04-05 23:51:26,050 - DEBUG - Finished Request
2023-04-05 23:51:26,057 - DEBUG - Finished Request
2023-04-05 23:51:26,070 - DEBUG - Finished Request
2023-04-05 23:51:26,076 - DEBUG - Finished Request
2023-04-05 23:51:26,084 - DEBUG - Finished Request
2023-04-05 23:51:26,092 - DEBUG - Finished Request
2023-04-05 23:51:26,098 - DEBUG - Finished Request
2023-04-05 23:51:26,105 - DEBUG - Finished Request
2023-04-05 23:51:26,115 - DEBUG - Finished Request
2023-04-05 23:51:26,123 - DEBUG - Finished Request
2023-04-05 23:51:26,130 - DEBUG - Finished Request
2023-04-05 23:51:26,141 - DEBUG - Finished Request
2023-04-05 23:51:26,147 - DEBUG - Finished Request
2023-04-05 23:51:26,155 - DEBUG - Finished Request
2023-04-05 23:51:26,167 - DEBUG - Finished Request
2023-04-05 23:51:26,173 - DEBUG - Finished Request
2023-04-05 23:51:26,180 - DEBUG - Finished Request
2023-04-05 23:51:26,190 - DEBUG - Finished Request
2023-04-05 23:51:26,197 - DEBUG - Finished Request
2023-04-05 23:51:26,204 - DEBUG - Finished Request
2023-04-05 23:51:26,215 - DEBUG - Finished Request
2023-04-05 23:51:31,229 - DEBUG - Finished Request
2023-04-05 23:51:31,258 - DEBUG - Finished Request
2023-04-05 23:51:31,259 - DEBUG - Error opening web page. Retrying in 5 seconds...
2023-04-05 23:51:36,276 - DEBUG - Finished Request
2023-04-05 23:51:36,315 - DEBUG - Finished Request
2023-04-05 23:51:36,325 - DEBUG - Finished Request
2023-04-05 23:51:36,332 - DEBUG - Finished Request
2023-04-05 23:51:36,341 - DEBUG - Finished Request
2023-04-05 23:51:36,856 - DEBUG - Finished Request
2023-04-05 23:51:36,864 - DEBUG - Finished Request
2023-04-05 23:51:41,899 - DEBUG - Finished Request
2023-04-05 23:51:41,963 - DEBUG - Finished Request
2023-04-05 23:51:46,970 - DEBUG - Finished Request
2023-04-05 23:51:47,010 - DEBUG - Finished Request
2023-04-05 23:51:47,019 - DEBUG - Finished Request
2023-04-05 23:51:47,027 - DEBUG - Finished Request
2023-04-05 23:51:47,037 - DEBUG - Finished Request
2023-04-05 23:51:47,550 - DEBUG - Finished Request
2023-04-05 23:51:47,560 - DEBUG - Finished Request
2023-04-05 23:51:47,566 - DEBUG - Finished Request
2023-04-05 23:51:47,573 - DEBUG - Finished Request
2023-04-05 23:51:47,582 - DEBUG - Finished Request
2023-04-05 23:51:47,590 - DEBUG - Finished Request
2023-04-05 23:51:47,597 - DEBUG - Finished Request
2023-04-05 23:51:47,607 - DEBUG - Finished Request
2023-04-05 23:51:47,615 - DEBUG - Finished Request
2023-04-05 23:51:47,623 - DEBUG - Finished Request
2023-04-05 23:51:47,630 - DEBUG - Finished Request
2023-04-05 23:51:47,638 - DEBUG - Finished Request
2023-04-05 23:51:47,647 - DEBUG - Finished Request
2023-04-05 23:51:47,681 - DEBUG - Finished Request
2023-04-05 23:51:47,691 - DEBUG - Finished Request
2023-04-05 23:51:47,699 - DEBUG - Finished Request
2023-04-05 23:51:47,711 - DEBUG - Finished Request
2023-04-05 23:51:47,721 - DEBUG - Finished Request
2023-04-05 23:51:47,728 - DEBUG - Finished Request
2023-04-05 23:51:47,737 - DEBUG - Finished Request
2023-04-05 23:51:47,742 - DEBUG - Finished Request
2023-04-05 23:51:47,748 - DEBUG - Finished Request
2023-04-05 23:51:47,755 - DEBUG - Finished Request
2023-04-05 23:51:47,760 - DEBUG - Finished Request
2023-04-05 23:51:47,765 - DEBUG - Finished Request
2023-04-05 23:51:47,772 - DEBUG - Finished Request
2023-04-05 23:51:47,777 - DEBUG - Finished Request
2023-04-05 23:51:47,783 - DEBUG - Finished Request
2023-04-05 23:51:47,792 - DEBUG - Finished Request
2023-04-05 23:51:52,809 - DEBUG - Finished Request
2023-04-05 23:51:52,837 - DEBUG - Finished Request
2023-04-05 23:51:52,838 - DEBUG - Error opening web page. Retrying in 5 seconds...
2023-04-05 23:51:57,870 - DEBUG - Finished Request
2023-04-05 23:51:57,913 - DEBUG - Finished Request
2023-04-05 23:51:57,948 - DEBUG - Finished Request
2023-04-05 23:51:57,957 - DEBUG - Finished Request
2023-04-05 23:51:57,967 - DEBUG - Finished Request
2023-04-05 23:51:58,477 - DEBUG - Finished Request
2023-04-05 23:51:58,490 - DEBUG - Finished Request
2023-04-05 23:52:03,511 - DEBUG - Finished Request
2023-04-05 23:52:03,544 - DEBUG - Finished Request
2023-04-05 23:52:08,556 - DEBUG - Finished Request
2023-04-05 23:52:08,599 - DEBUG - Finished Request
2023-04-05 23:52:08,610 - DEBUG - Finished Request
2023-04-05 23:52:08,621 - DEBUG - Finished Request
2023-04-05 23:52:08,630 - DEBUG - Finished Request
2023-04-05 23:52:09,139 - DEBUG - Finished Request
2023-04-05 23:52:09,151 - DEBUG - Finished Request
2023-04-05 23:52:09,160 - DEBUG - Finished Request
2023-04-05 23:52:09,168 - DEBUG - Finished Request
2023-04-05 23:52:09,197 - DEBUG - Finished Request
2023-04-05 23:52:09,206 - DEBUG - Finished Request
2023-04-05 23:52:09,222 - DEBUG - Finished Request
2023-04-05 23:52:09,230 - DEBUG - Finished Request
2023-04-05 23:52:09,242 - DEBUG - Finished Request
2023-04-05 23:52:09,247 - DEBUG - Finished Request
2023-04-05 23:52:09,255 - DEBUG - Finished Request
2023-04-05 23:52:09,261 - DEBUG - Finished Request
2023-04-05 23:52:09,268 - DEBUG - Finished Request
2023-04-05 23:52:09,275 - DEBUG - Finished Request
2023-04-05 23:52:09,279 - DEBUG - Finished Request
2023-04-05 23:52:09,286 - DEBUG - Finished Request
2023-04-05 23:52:09,293 - DEBUG - Finished Request
2023-04-05 23:52:09,297 - DEBUG - Finished Request
2023-04-05 23:52:09,304 - DEBUG - Finished Request
2023-04-05 23:52:09,311 - DEBUG - Finished Request
2023-04-05 23:52:09,317 - DEBUG - Finished Request
2023-04-05 23:52:09,325 - DEBUG - Finished Request
2023-04-05 23:52:09,331 - DEBUG - Finished Request
2023-04-05 23:52:09,337 - DEBUG - Finished Request
2023-04-05 23:52:09,344 - DEBUG - Finished Request
2023-04-05 23:52:09,350 - DEBUG - Finished Request
2023-04-05 23:52:09,356 - DEBUG - Finished Request
2023-04-05 23:52:09,362 - DEBUG - Finished Request
2023-04-05 23:52:09,370 - DEBUG - Finished Request
2023-04-05 23:52:14,409 - DEBUG - Finished Request
2023-04-05 23:52:14,434 - DEBUG - Finished Request
2023-04-05 23:52:14,435 - DEBUG - Error opening web page. Retrying in 5 seconds...
2023-04-05 23:52:19,468 - DEBUG - Finished Request
2023-04-05 23:52:19,510 - DEBUG - Finished Request
2023-04-05 23:52:19,520 - DEBUG - Finished Request
2023-04-05 23:52:19,527 - DEBUG - Finished Request
2023-04-05 23:52:19,538 - DEBUG - Finished Request
2023-04-05 23:52:20,057 - DEBUG - Finished Request
2023-04-05 23:52:20,068 - DEBUG - Finished Request
2023-04-05 23:52:25,086 - DEBUG - Finished Request
2023-04-05 23:52:25,127 - DEBUG - Finished Request
2023-04-05 23:52:30,139 - DEBUG - Finished Request
2023-04-05 23:52:30,178 - DEBUG - Finished Request
2023-04-05 23:52:30,187 - DEBUG - Finished Request
2023-04-05 23:52:30,195 - DEBUG - Finished Request
2023-04-05 23:52:30,204 - DEBUG - Finished Request
2023-04-05 23:52:30,711 - DEBUG - Finished Request
2023-04-05 23:52:30,726 - DEBUG - Finished Request
2023-04-05 23:52:30,736 - DEBUG - Finished Request
2023-04-05 23:52:30,743 - DEBUG - Finished Request
2023-04-05 23:52:30,753 - DEBUG - Finished Request
2023-04-05 23:52:30,762 - DEBUG - Finished Request
2023-04-05 23:52:30,771 - DEBUG - Finished Request
2023-04-05 23:52:30,778 - DEBUG - Finished Request
2023-04-05 23:52:30,787 - DEBUG - Finished Request
2023-04-05 23:52:30,794 - DEBUG - Finished Request
2023-04-05 23:52:30,804 - DEBUG - Finished Request
2023-04-05 23:52:30,811 - DEBUG - Finished Request
2023-04-05 23:52:30,819 - DEBUG - Finished Request
2023-04-05 23:52:30,827 - DEBUG - Finished Request
2023-04-05 23:52:30,835 - DEBUG - Finished Request
2023-04-05 23:52:30,843 - DEBUG - Finished Request
2023-04-05 23:52:30,852 - DEBUG - Finished Request
2023-04-05 23:52:30,859 - DEBUG - Finished Request
2023-04-05 23:52:30,866 - DEBUG - Finished Request
2023-04-05 23:52:30,875 - DEBUG - Finished Request
2023-04-05 23:52:30,882 - DEBUG - Finished Request
2023-04-05 23:52:30,893 - DEBUG - Finished Request
2023-04-05 23:52:30,906 - DEBUG - Finished Request
2023-04-05 23:52:30,931 - DEBUG - Finished Request
2023-04-05 23:52:30,940 - DEBUG - Finished Request
2023-04-05 23:52:30,949 - DEBUG - Finished Request
2023-04-05 23:52:30,957 - DEBUG - Finished Request
2023-04-05 23:52:30,965 - DEBUG - Finished Request
2023-04-05 23:52:30,973 - DEBUG - Finished Request
2023-04-05 23:52:35,998 - DEBUG - Finished Request
2023-04-05 23:52:36,038 - DEBUG - Finished Request
2023-04-05 23:52:36,039 - DEBUG - Error opening web page. Retrying in 5 seconds...
2023-04-05 23:52:41,040 - DEBUG - Can't downloaded file: TickData_structure|2|10
2023-04-05 23:52:44,222 - DEBUG - Starting new HTTP connection (1): 127.0.0.1:64178
2023-04-05 23:52:44,778 - DEBUG - Finished Request
2023-04-05 23:52:46,054 - DEBUG - Finished Request
2023-04-05 23:52:46,055 - DEBUG - Wait in 5 seconds...
2023-04-05 23:52:51,086 - DEBUG - Finished Request
2023-04-05 23:52:51,121 - DEBUG - Finished Request
2023-04-05 23:52:51,130 - DEBUG - Finished Request
2023-04-05 23:52:51,140 - DEBUG - Finished Request
2023-04-05 23:52:51,152 - DEBUG - Finished Request
2023-04-05 23:52:51,681 - DEBUG - Finished Request
2023-04-05 23:52:51,732 - DEBUG - Finished Request
2023-04-05 23:52:51,742 - DEBUG - Finished Request
2023-04-05 23:52:51,752 - DEBUG - Finished Request
2023-04-05 23:52:51,760 - DEBUG - Finished Request
2023-04-05 23:52:56,792 - DEBUG - Finished Request
2023-04-05 23:52:57,852 - DEBUG - Finished Request
2023-04-05 23:52:57,876 - DEBUG - Finished Request
2023-04-05 23:52:57,877 - DEBUG - Error opening web page. Retrying in 5 seconds...
2023-04-05 23:53:02,901 - DEBUG - Finished Request
2023-04-05 23:53:02,953 - DEBUG - Finished Request
2023-04-05 23:53:02,960 - DEBUG - Finished Request
2023-04-05 23:53:02,971 - DEBUG - Finished Request
2023-04-05 23:53:02,979 - DEBUG - Finished Request
2023-04-05 23:53:03,519 - DEBUG - Finished Request
2023-04-05 23:53:03,536 - DEBUG - Finished Request
2023-04-05 23:53:03,543 - DEBUG - Finished Request
2023-04-05 23:53:03,550 - DEBUG - Finished Request
2023-04-05 23:53:03,559 - DEBUG - Finished Request
2023-04-05 23:53:08,579 - DEBUG - Finished Request
2023-04-05 23:53:09,666 - DEBUG - Finished Request
2023-04-05 23:53:09,726 - DEBUG - Finished Request
2023-04-05 23:53:09,727 - DEBUG - Error opening web page. Retrying in 5 seconds...
2023-04-05 23:53:14,752 - DEBUG - Finished Request
2023-04-05 23:53:14,789 - DEBUG - Finished Request
2023-04-05 23:53:14,795 - DEBUG - Finished Request
2023-04-05 23:53:14,803 - DEBUG - Finished Request
2023-04-05 23:53:14,814 - DEBUG - Finished Request
2023-04-05 23:53:15,358 - DEBUG - Finished Request
2023-04-05 23:53:15,378 - DEBUG - Finished Request
2023-04-05 23:53:15,387 - DEBUG - Finished Request
2023-04-05 23:53:15,396 - DEBUG - Finished Request
2023-04-05 23:53:15,407 - DEBUG - Finished Request
2023-04-05 23:53:20,442 - DEBUG - Finished Request
2023-04-05 23:53:21,489 - DEBUG - Finished Request
2023-04-05 23:53:21,512 - DEBUG - Finished Request
2023-04-05 23:53:21,513 - DEBUG - Error opening web page. Retrying in 5 seconds...
2023-04-05 23:53:26,526 - DEBUG - Finished Request
2023-04-05 23:53:26,564 - DEBUG - Finished Request
2023-04-05 23:53:26,572 - DEBUG - Finished Request
2023-04-05 23:53:26,580 - DEBUG - Finished Request
2023-04-05 23:53:26,590 - DEBUG - Finished Request
2023-04-05 23:53:27,101 - DEBUG - Finished Request
2023-04-05 23:53:27,109 - DEBUG - Finished Request
2023-04-05 23:53:27,115 - DEBUG - Finished Request
2023-04-05 23:53:27,121 - DEBUG - Finished Request
2023-04-05 23:53:27,129 - DEBUG - Finished Request
2023-04-05 23:53:32,177 - DEBUG - Finished Request
2023-04-05 23:53:33,258 - DEBUG - Finished Request
2023-04-05 23:53:33,261 - DEBUG - Finished Request
2023-04-05 23:53:33,261 - DEBUG - Error opening web page. Retrying in 5 seconds...
2023-04-05 23:53:38,292 - DEBUG - Finished Request
2023-04-05 23:53:38,369 - DEBUG - Finished Request
2023-04-05 23:53:38,375 - DEBUG - Finished Request
2023-04-05 23:53:38,383 - DEBUG - Finished Request
2023-04-05 23:53:38,392 - DEBUG - Finished Request
2023-04-05 23:53:38,933 - DEBUG - Finished Request
2023-04-05 23:53:38,957 - DEBUG - Finished Request
2023-04-05 23:53:38,968 - DEBUG - Finished Request
2023-04-05 23:53:38,976 - DEBUG - Finished Request
2023-04-05 23:53:38,986 - DEBUG - Finished Request
2023-04-05 23:53:44,039 - DEBUG - Finished Request
2023-04-05 23:53:45,074 - DEBUG - Finished Request
2023-04-05 23:53:45,118 - DEBUG - Finished Request
2023-04-05 23:53:45,119 - DEBUG - Error opening web page. Retrying in 5 seconds...
